<?xml version="1.0" encoding="UTF-8"?>
<!-- Generated by org.testng.reporters.JUnitReportReporter -->
<testsuite hostname="DESKTOP-NFMLN54" failures="0" tests="1" name="com.Actitime.Generic.Baseclass" time="17.408" errors="0" timestamp="2022-12-01T12:57:20 IST" skipped="0">
  <testcase classname="com.Actitime.Generic.Baseclass" name="createcustomer" time="17.408"/>
  <system-out>
    <![CDATA[cutomer created]]>
  </system-out>
</testsuite> <!-- com.Actitime.Generic.Baseclass -->
