<?xml version="1.0" encoding="UTF-8"?>
<!-- Generated by org.testng.reporters.JUnitReportReporter -->
<testsuite hostname="DESKTOP-NFMLN54" failures="0" tests="1" name="com.Actitime.Testscript.CreateCustomer" time="24.794" errors="0" timestamp="2022-12-02T15:21:15 IST" skipped="0">
  <testcase classname="com.Actitime.Testscript.CreateCustomer" name="createcustomer" time="24.794"/>
  <system-out>
    <![CDATA[Test started
Testscript pass]]>
  </system-out>
</testsuite> <!-- com.Actitime.Testscript.CreateCustomer -->
